app/build/intermediates/manifest_merge_blame_file/debug/manifest-merger-blame-debug-report.txt
1<?xml version="1.0" encoding="utf-8"?>
2<manifest xmlns:android="http://schemas.android.com/apk/res/android"
3    package="com.srivardhan.tsf_banking"
4    android:versionCode="1"
5    android:versionName="1.0" >
6
7    <uses-sdk
8        android:minSdkVersion="21"
8-->src/main/AndroidManifest.xml
9        android:targetSdkVersion="30" />
9-->src/main/AndroidManifest.xml
10
11    <application
11-->src/main/AndroidManifest.xml:5:5-24:19
12        android:allowBackup="true"
12-->src/main/AndroidManifest.xml:6:9-35
13        android:appComponentFactory="androidx.core.app.CoreComponentFactory"
13-->[androidx.core:core:1.3.1] AndroidManifest.xml:24:18-86
14        android:debuggable="true"
15        android:icon="@mipmap/ic_launcher"
15-->src/main/AndroidManifest.xml:7:9-43
16        android:label="@string/app_name"
16-->src/main/AndroidManifest.xml:8:9-41
17        android:roundIcon="@mipmap/ic_launcher_round"
17-->src/main/AndroidManifest.xml:9:9-54
18        android:supportsRtl="true"
18-->src/main/AndroidManifest.xml:10:9-35
19        android:testOnly="true"
20        android:theme="@style/AppTheme" >
20-->src/main/AndroidManifest.xml:11:9-40
21        <activity android:name="com.deekshith.tsf_banking.Activity.TransactionActivity" />
21-->src/main/AndroidManifest.xml:12:9-100
21-->src/main/AndroidManifest.xml:12:19-88
22        <activity android:name="com.deekshith.tsf_banking.Activity.PaymentActivity" />
22-->src/main/AndroidManifest.xml:13:9-87
22-->src/main/AndroidManifest.xml:13:19-84
23        <activity android:name="com.deekshith.tsf_banking.Activity.InsertActivity" />
23-->src/main/AndroidManifest.xml:14:9-86
23-->src/main/AndroidManifest.xml:14:19-83
24        <activity android:name="com.deekshith.tsf_banking.Activity.CustomerActivity" />
24-->src/main/AndroidManifest.xml:15:9-88
24-->src/main/AndroidManifest.xml:15:19-85
25        <activity android:name="com.deekshith.tsf_banking.Activity.ListActivity" />
25-->src/main/AndroidManifest.xml:16:9-84
25-->src/main/AndroidManifest.xml:16:19-81
26        <activity android:name="com.deekshith.tsf_banking.Activity.MainActivity" >
26-->src/main/AndroidManifest.xml:17:9-23:20
26-->src/main/AndroidManifest.xml:17:19-81
27            <intent-filter>
27-->src/main/AndroidManifest.xml:18:13-22:29
28                <action android:name="android.intent.action.MAIN" />
28-->src/main/AndroidManifest.xml:19:17-69
28-->src/main/AndroidManifest.xml:19:25-66
29
30                <category android:name="android.intent.category.LAUNCHER" />
30-->src/main/AndroidManifest.xml:21:17-77
30-->src/main/AndroidManifest.xml:21:27-74
31            </intent-filter>
32        </activity>
33
34        <service
34-->[androidx.room:room-runtime:2.2.6] AndroidManifest.xml:25:9-28:40
35            android:name="androidx.room.MultiInstanceInvalidationService"
35-->[androidx.room:room-runtime:2.2.6] AndroidManifest.xml:26:13-74
36            android:directBootAware="true"
36-->[androidx.room:room-runtime:2.2.6] AndroidManifest.xml:27:13-43
37            android:exported="false" />
37-->[androidx.room:room-runtime:2.2.6] AndroidManifest.xml:28:13-37
38    </application>
39
40</manifest>